[2026-04-27T15:19:16.548+0000] {taskinstance.py:1957} INFO - Dependencies all met for dep_context=non-requeueable deps ti=<TaskInstance: exp_priority_retry.high_priority manual__2026-04-27T15:11:52.232488+00:00 [queued]>
[2026-04-27T15:19:16.554+0000] {taskinstance.py:1957} INFO - Dependencies all met for dep_context=requeueable deps ti=<TaskInstance: exp_priority_retry.high_priority manual__2026-04-27T15:11:52.232488+00:00 [queued]>
[2026-04-27T15:19:16.554+0000] {taskinstance.py:2163} INFO - Starting attempt 3 of 4
[2026-04-27T15:19:16.568+0000] {taskinstance.py:2184} INFO - Executing <Task(PythonOperator): high_priority> on 2026-04-27 15:11:52.232488+00:00
[2026-04-27T15:19:16.571+0000] {standard_task_runner.py:60} INFO - Started process 9561 to run task
[2026-04-27T15:19:16.576+0000] {standard_task_runner.py:87} INFO - Running: ['airflow', 'tasks', 'run', 'exp_priority_retry', 'high_priority', 'manual__2026-04-27T15:11:52.232488+00:00', '--job-id', '40', '--raw', '--subdir', 'DAGS_FOLDER/exp_priority_retry.py', '--cfg-path', '/tmp/tmpmnee0l3d']
[2026-04-27T15:19:16.577+0000] {standard_task_runner.py:88} INFO - Job 40: Subtask high_priority
[2026-04-27T15:19:16.616+0000] {task_command.py:423} INFO - Running <TaskInstance: exp_priority_retry.high_priority manual__2026-04-27T15:11:52.232488+00:00 [running]> on host Deep.localdomain
[2026-04-27T15:19:16.670+0000] {taskinstance.py:2473} INFO - Exporting env vars: AIRFLOW_CTX_DAG_OWNER='deep' AIRFLOW_CTX_DAG_ID='exp_priority_retry' AIRFLOW_CTX_TASK_ID='high_priority' AIRFLOW_CTX_EXECUTION_DATE='2026-04-27T15:11:52.232488+00:00' AIRFLOW_CTX_TRY_NUMBER='3' AIRFLOW_CTX_DAG_RUN_ID='manual__2026-04-27T15:11:52.232488+00:00'
[2026-04-27T15:19:16.671+0000] {logging_mixin.py:188} INFO - Running HIGH
[2026-04-27T15:19:16.671+0000] {logging_mixin.py:188} INFO - [DEBUG] Retry attempt: 3 for task high_priority
[2026-04-27T15:19:16.671+0000] {taskinstance.py:2691} ERROR - Task failed with exception
Traceback (most recent call last):
  File "/home/dell/Airflow-Execution-Retries/venv/lib/python3.10/site-packages/airflow/models/taskinstance.py", line 433, in _execute_task
    result = execute_callable(context=context, **execute_callable_kwargs)
  File "/home/dell/Airflow-Execution-Retries/venv/lib/python3.10/site-packages/airflow/operators/python.py", line 199, in execute
    return_value = self.execute_callable()
  File "/home/dell/Airflow-Execution-Retries/venv/lib/python3.10/site-packages/airflow/operators/python.py", line 216, in execute_callable
    return self.python_callable(*self.op_args, **self.op_kwargs)
  File "/home/dell/Airflow-Execution-Retries/airflow_home/dags/exp_priority_retry.py", line 27, in <lambda>
    python_callable=lambda: fail_task("HIGH"),
  File "/home/dell/Airflow-Execution-Retries/airflow_home/dags/exp_priority_retry.py", line 8, in fail_task
    raise Exception("Failure")
Exception: Failure
[2026-04-27T15:19:16.673+0000] {logging_mixin.py:188} INFO - [DEBUG] Retry attempt: 3 for task high_priority
[2026-04-27T15:19:16.674+0000] {taskinstance.py:1139} INFO - Marking task as UP_FOR_RETRY. dag_id=exp_priority_retry, task_id=high_priority, execution_date=20260427T151152, start_date=20260427T151916, end_date=20260427T151916
[2026-04-27T15:19:16.684+0000] {standard_task_runner.py:107} ERROR - Failed to execute job 40 for task high_priority (Failure; 9561)
[2026-04-27T15:19:16.708+0000] {local_task_job_runner.py:234} INFO - Task exited with return code 1
[2026-04-27T15:19:16.723+0000] {taskinstance.py:3274} INFO - 0 downstream tasks scheduled from follow-on schedule check
