[2026-04-27T18:17:28.690+0000] {taskinstance.py:1957} INFO - Dependencies all met for dep_context=non-requeueable deps ti=<TaskInstance: exp_priority_retry.low_priority manual__2026-04-27T18:17:23.553964+00:00 [queued]>
[2026-04-27T18:17:28.693+0000] {taskinstance.py:1957} INFO - Dependencies all met for dep_context=requeueable deps ti=<TaskInstance: exp_priority_retry.low_priority manual__2026-04-27T18:17:23.553964+00:00 [queued]>
[2026-04-27T18:17:28.693+0000] {taskinstance.py:2163} INFO - Starting attempt 1 of 4
[2026-04-27T18:17:28.706+0000] {taskinstance.py:2184} INFO - Executing <Task(PythonOperator): low_priority> on 2026-04-27 18:17:23.553964+00:00
[2026-04-27T18:17:28.708+0000] {standard_task_runner.py:60} INFO - Started process 270500 to run task
[2026-04-27T18:17:28.711+0000] {standard_task_runner.py:87} INFO - Running: ['airflow', 'tasks', 'run', 'exp_priority_retry', 'low_priority', 'manual__2026-04-27T18:17:23.553964+00:00', '--job-id', '130', '--raw', '--subdir', 'DAGS_FOLDER/exp_priority_retry.py', '--cfg-path', '/tmp/tmp380l_451']
[2026-04-27T18:17:28.714+0000] {standard_task_runner.py:88} INFO - Job 130: Subtask low_priority
[2026-04-27T18:17:28.751+0000] {task_command.py:423} INFO - Running <TaskInstance: exp_priority_retry.low_priority manual__2026-04-27T18:17:23.553964+00:00 [running]> on host Deep.localdomain
[2026-04-27T18:17:28.798+0000] {taskinstance.py:2473} INFO - Exporting env vars: AIRFLOW_CTX_DAG_OWNER='deep' AIRFLOW_CTX_DAG_ID='exp_priority_retry' AIRFLOW_CTX_TASK_ID='low_priority' AIRFLOW_CTX_EXECUTION_DATE='2026-04-27T18:17:23.553964+00:00' AIRFLOW_CTX_TRY_NUMBER='1' AIRFLOW_CTX_DAG_RUN_ID='manual__2026-04-27T18:17:23.553964+00:00'
[2026-04-27T18:17:28.798+0000] {logging_mixin.py:188} INFO - Running LOW
[2026-04-27T18:17:28.798+0000] {logging_mixin.py:188} INFO - [DEBUG] Retry attempt: 1 for task low_priority
[2026-04-27T18:17:28.799+0000] {taskinstance.py:2691} ERROR - Task failed with exception
Traceback (most recent call last):
  File "/home/dell/Airflow-Execution-Retries/venv/lib/python3.10/site-packages/airflow/models/taskinstance.py", line 433, in _execute_task
    result = execute_callable(context=context, **execute_callable_kwargs)
  File "/home/dell/Airflow-Execution-Retries/venv/lib/python3.10/site-packages/airflow/operators/python.py", line 199, in execute
    return_value = self.execute_callable()
  File "/home/dell/Airflow-Execution-Retries/venv/lib/python3.10/site-packages/airflow/operators/python.py", line 216, in execute_callable
    return self.python_callable(*self.op_args, **self.op_kwargs)
  File "/home/dell/Airflow-Execution-Retries/airflow_home/dags/exp_priority_retry.py", line 39, in <lambda>
    python_callable=lambda: fail_task("LOW"),
  File "/home/dell/Airflow-Execution-Retries/airflow_home/dags/exp_priority_retry.py", line 8, in fail_task
    raise Exception("Failure")
Exception: Failure
[2026-04-27T18:17:28.800+0000] {logging_mixin.py:188} INFO - [DEBUG] Retry attempt: 1 for task low_priority
[2026-04-27T18:17:28.801+0000] {taskinstance.py:1139} INFO - Marking task as UP_FOR_RETRY. dag_id=exp_priority_retry, task_id=low_priority, execution_date=20260427T181723, start_date=20260427T181728, end_date=20260427T181728
[2026-04-27T18:17:28.811+0000] {standard_task_runner.py:107} ERROR - Failed to execute job 130 for task low_priority (Failure; 270500)
[2026-04-27T18:17:28.846+0000] {local_task_job_runner.py:234} INFO - Task exited with return code 1
[2026-04-27T18:17:28.866+0000] {taskinstance.py:3390} INFO - 0 downstream tasks scheduled from follow-on schedule check
