[2026-04-27T18:43:42.987+0000] {taskinstance.py:1957} INFO - Dependencies all met for dep_context=non-requeueable deps ti=<TaskInstance: exp_priority_retry.low_priority manual__2026-04-27T18:42:30.748376+00:00 [queued]>
[2026-04-27T18:43:42.992+0000] {taskinstance.py:1957} INFO - Dependencies all met for dep_context=requeueable deps ti=<TaskInstance: exp_priority_retry.low_priority manual__2026-04-27T18:42:30.748376+00:00 [queued]>
[2026-04-27T18:43:42.992+0000] {taskinstance.py:2163} INFO - Starting attempt 4 of 4
[2026-04-27T18:43:43.003+0000] {taskinstance.py:2184} INFO - Executing <Task(PythonOperator): low_priority> on 2026-04-27 18:42:30.748376+00:00
[2026-04-27T18:43:43.007+0000] {standard_task_runner.py:60} INFO - Started process 454981 to run task
[2026-04-27T18:43:43.012+0000] {standard_task_runner.py:87} INFO - Running: ['airflow', 'tasks', 'run', 'exp_priority_retry', 'low_priority', 'manual__2026-04-27T18:42:30.748376+00:00', '--job-id', '155', '--raw', '--subdir', 'DAGS_FOLDER/exp_priority_retry.py', '--cfg-path', '/tmp/tmpx95_7e84']
[2026-04-27T18:43:43.014+0000] {standard_task_runner.py:88} INFO - Job 155: Subtask low_priority
[2026-04-27T18:43:43.059+0000] {task_command.py:423} INFO - Running <TaskInstance: exp_priority_retry.low_priority manual__2026-04-27T18:42:30.748376+00:00 [running]> on host Deep.localdomain
[2026-04-27T18:43:43.110+0000] {taskinstance.py:2473} INFO - Exporting env vars: AIRFLOW_CTX_DAG_OWNER='deep' AIRFLOW_CTX_DAG_ID='exp_priority_retry' AIRFLOW_CTX_TASK_ID='low_priority' AIRFLOW_CTX_EXECUTION_DATE='2026-04-27T18:42:30.748376+00:00' AIRFLOW_CTX_TRY_NUMBER='4' AIRFLOW_CTX_DAG_RUN_ID='manual__2026-04-27T18:42:30.748376+00:00'
[2026-04-27T18:43:43.111+0000] {exp_priority_retry.py:24} INFO - ========== 🚀 TASK START ==========
[2026-04-27T18:43:43.111+0000] {exp_priority_retry.py:25} INFO - Task ID        : low_priority
[2026-04-27T18:43:43.111+0000] {exp_priority_retry.py:26} INFO - Priority       : LOW
[2026-04-27T18:43:43.112+0000] {exp_priority_retry.py:27} INFO - Execution Date : 2026-04-27T18:42:30.748376+00:00
[2026-04-27T18:43:43.112+0000] {exp_priority_retry.py:28} INFO - Try Number     : 4
[2026-04-27T18:43:43.112+0000] {exp_priority_retry.py:29} INFO - ==================================
[2026-04-27T18:43:43.112+0000] {exp_priority_retry.py:32} INFO - ---------- 🔁 RETRY INFO ----------
[2026-04-27T18:43:43.112+0000] {exp_priority_retry.py:33} INFO - Attempt        : 4
[2026-04-27T18:43:43.112+0000] {exp_priority_retry.py:34} INFO - Max Retries    : 4
[2026-04-27T18:43:43.112+0000] {exp_priority_retry.py:35} INFO - Delay Applied  : 20 seconds
[2026-04-27T18:43:43.112+0000] {exp_priority_retry.py:36} INFO - ----------------------------------
[2026-04-27T18:43:43.112+0000] {exp_priority_retry.py:39} INFO - ---------- ⚙️ EXECUTION ----------
[2026-04-27T18:43:43.112+0000] {exp_priority_retry.py:40} INFO - Running business logic...
[2026-04-27T18:43:43.112+0000] {exp_priority_retry.py:41} INFO - ----------------------------------
[2026-04-27T18:43:43.112+0000] {exp_priority_retry.py:44} ERROR - ❌ ERROR OCCURRED
[2026-04-27T18:43:43.112+0000] {exp_priority_retry.py:45} ERROR - Reason : Failure
[2026-04-27T18:43:43.113+0000] {exp_priority_retry.py:48} INFO - 🔄 RETRY SCHEDULED
[2026-04-27T18:43:43.113+0000] {exp_priority_retry.py:49} INFO - Next Attempt In : 20 seconds
[2026-04-27T18:43:43.113+0000] {exp_priority_retry.py:50} INFO - Priority Logic  : LOW priority → adjusted delay
[2026-04-27T18:43:43.113+0000] {logging_mixin.py:188} INFO - [DEBUG] Retry attempt: 4 for task low_priority
[2026-04-27T18:43:43.113+0000] {taskinstance.py:2691} ERROR - Task failed with exception
Traceback (most recent call last):
  File "/home/dell/Airflow-Execution-Retries/venv/lib/python3.10/site-packages/airflow/models/taskinstance.py", line 433, in _execute_task
    result = execute_callable(context=context, **execute_callable_kwargs)
  File "/home/dell/Airflow-Execution-Retries/venv/lib/python3.10/site-packages/airflow/operators/python.py", line 199, in execute
    return_value = self.execute_callable()
  File "/home/dell/Airflow-Execution-Retries/venv/lib/python3.10/site-packages/airflow/operators/python.py", line 216, in execute_callable
    return self.python_callable(*self.op_args, **self.op_kwargs)
  File "/home/dell/Airflow-Execution-Retries/airflow_home/dags/exp_priority_retry.py", line 53, in fail_task
    raise Exception("Failure")
Exception: Failure
[2026-04-27T18:43:43.116+0000] {logging_mixin.py:188} INFO - [DEBUG] Retry attempt: 4 for task low_priority
[2026-04-27T18:43:43.117+0000] {taskinstance.py:1139} INFO - Marking task as FAILED. dag_id=exp_priority_retry, task_id=low_priority, execution_date=20260427T184230, start_date=20260427T184342, end_date=20260427T184343
[2026-04-27T18:43:43.126+0000] {standard_task_runner.py:107} ERROR - Failed to execute job 155 for task low_priority (Failure; 454981)
[2026-04-27T18:43:43.146+0000] {local_task_job_runner.py:234} INFO - Task exited with return code 1
[2026-04-27T18:43:43.155+0000] {taskinstance.py:3297} INFO - 0 downstream tasks scheduled from follow-on schedule check
