[2026-04-27T18:42:58.527+0000] {taskinstance.py:1957} INFO - Dependencies all met for dep_context=non-requeueable deps ti=<TaskInstance: exp_priority_retry.low_priority manual__2026-04-27T18:42:30.748376+00:00 [queued]>
[2026-04-27T18:42:58.537+0000] {taskinstance.py:1957} INFO - Dependencies all met for dep_context=requeueable deps ti=<TaskInstance: exp_priority_retry.low_priority manual__2026-04-27T18:42:30.748376+00:00 [queued]>
[2026-04-27T18:42:58.538+0000] {taskinstance.py:2163} INFO - Starting attempt 2 of 4
[2026-04-27T18:42:58.559+0000] {taskinstance.py:2184} INFO - Executing <Task(PythonOperator): low_priority> on 2026-04-27 18:42:30.748376+00:00
[2026-04-27T18:42:58.563+0000] {standard_task_runner.py:60} INFO - Started process 454959 to run task
[2026-04-27T18:42:58.569+0000] {standard_task_runner.py:87} INFO - Running: ['airflow', 'tasks', 'run', 'exp_priority_retry', 'low_priority', 'manual__2026-04-27T18:42:30.748376+00:00', '--job-id', '151', '--raw', '--subdir', 'DAGS_FOLDER/exp_priority_retry.py', '--cfg-path', '/tmp/tmpgjo_34zq']
[2026-04-27T18:42:58.572+0000] {standard_task_runner.py:88} INFO - Job 151: Subtask low_priority
[2026-04-27T18:42:58.620+0000] {task_command.py:423} INFO - Running <TaskInstance: exp_priority_retry.low_priority manual__2026-04-27T18:42:30.748376+00:00 [running]> on host Deep.localdomain
[2026-04-27T18:42:58.674+0000] {taskinstance.py:2473} INFO - Exporting env vars: AIRFLOW_CTX_DAG_OWNER='deep' AIRFLOW_CTX_DAG_ID='exp_priority_retry' AIRFLOW_CTX_TASK_ID='low_priority' AIRFLOW_CTX_EXECUTION_DATE='2026-04-27T18:42:30.748376+00:00' AIRFLOW_CTX_TRY_NUMBER='2' AIRFLOW_CTX_DAG_RUN_ID='manual__2026-04-27T18:42:30.748376+00:00'
[2026-04-27T18:42:58.675+0000] {exp_priority_retry.py:24} INFO - ========== 🚀 TASK START ==========
[2026-04-27T18:42:58.675+0000] {exp_priority_retry.py:25} INFO - Task ID        : low_priority
[2026-04-27T18:42:58.675+0000] {exp_priority_retry.py:26} INFO - Priority       : LOW
[2026-04-27T18:42:58.675+0000] {exp_priority_retry.py:27} INFO - Execution Date : 2026-04-27T18:42:30.748376+00:00
[2026-04-27T18:42:58.675+0000] {exp_priority_retry.py:28} INFO - Try Number     : 2
[2026-04-27T18:42:58.675+0000] {exp_priority_retry.py:29} INFO - ==================================
[2026-04-27T18:42:58.675+0000] {exp_priority_retry.py:32} INFO - ---------- 🔁 RETRY INFO ----------
[2026-04-27T18:42:58.675+0000] {exp_priority_retry.py:33} INFO - Attempt        : 2
[2026-04-27T18:42:58.675+0000] {exp_priority_retry.py:34} INFO - Max Retries    : 4
[2026-04-27T18:42:58.675+0000] {exp_priority_retry.py:35} INFO - Delay Applied  : 20 seconds
[2026-04-27T18:42:58.675+0000] {exp_priority_retry.py:36} INFO - ----------------------------------
[2026-04-27T18:42:58.675+0000] {exp_priority_retry.py:39} INFO - ---------- ⚙️ EXECUTION ----------
[2026-04-27T18:42:58.675+0000] {exp_priority_retry.py:40} INFO - Running business logic...
[2026-04-27T18:42:58.675+0000] {exp_priority_retry.py:41} INFO - ----------------------------------
[2026-04-27T18:42:58.676+0000] {exp_priority_retry.py:44} ERROR - ❌ ERROR OCCURRED
[2026-04-27T18:42:58.676+0000] {exp_priority_retry.py:45} ERROR - Reason : Failure
[2026-04-27T18:42:58.676+0000] {exp_priority_retry.py:48} INFO - 🔄 RETRY SCHEDULED
[2026-04-27T18:42:58.676+0000] {exp_priority_retry.py:49} INFO - Next Attempt In : 20 seconds
[2026-04-27T18:42:58.676+0000] {exp_priority_retry.py:50} INFO - Priority Logic  : LOW priority → adjusted delay
[2026-04-27T18:42:58.677+0000] {logging_mixin.py:188} INFO - [DEBUG] Retry attempt: 2 for task low_priority
[2026-04-27T18:42:58.677+0000] {taskinstance.py:2691} ERROR - Task failed with exception
Traceback (most recent call last):
  File "/home/dell/Airflow-Execution-Retries/venv/lib/python3.10/site-packages/airflow/models/taskinstance.py", line 433, in _execute_task
    result = execute_callable(context=context, **execute_callable_kwargs)
  File "/home/dell/Airflow-Execution-Retries/venv/lib/python3.10/site-packages/airflow/operators/python.py", line 199, in execute
    return_value = self.execute_callable()
  File "/home/dell/Airflow-Execution-Retries/venv/lib/python3.10/site-packages/airflow/operators/python.py", line 216, in execute_callable
    return self.python_callable(*self.op_args, **self.op_kwargs)
  File "/home/dell/Airflow-Execution-Retries/airflow_home/dags/exp_priority_retry.py", line 53, in fail_task
    raise Exception("Failure")
Exception: Failure
[2026-04-27T18:42:58.680+0000] {logging_mixin.py:188} INFO - [DEBUG] Retry attempt: 2 for task low_priority
[2026-04-27T18:42:58.680+0000] {taskinstance.py:2768} INFO - [PRIORITY RETRY ACTIVE] Task=low_priority | Priority=1 (LOW) | Delay=20.0s
[2026-04-27T18:42:58.681+0000] {taskinstance.py:1139} INFO - Marking task as UP_FOR_RETRY. dag_id=exp_priority_retry, task_id=low_priority, execution_date=20260427T184230, start_date=20260427T184258, end_date=20260427T184258
[2026-04-27T18:42:58.692+0000] {standard_task_runner.py:107} ERROR - Failed to execute job 151 for task low_priority (Failure; 454959)
[2026-04-27T18:42:58.699+0000] {local_task_job_runner.py:234} INFO - Task exited with return code 1
[2026-04-27T18:42:58.707+0000] {taskinstance.py:3297} INFO - 0 downstream tasks scheduled from follow-on schedule check
