[2026-04-27T15:20:00.402+0000] {taskinstance.py:1957} INFO - Dependencies all met for dep_context=non-requeueable deps ti=<TaskInstance: exp_priority_retry.medium_priority manual__2026-04-27T15:14:12.538574+00:00 [queued]>
[2026-04-27T15:20:00.407+0000] {taskinstance.py:1957} INFO - Dependencies all met for dep_context=requeueable deps ti=<TaskInstance: exp_priority_retry.medium_priority manual__2026-04-27T15:14:12.538574+00:00 [queued]>
[2026-04-27T15:20:00.407+0000] {taskinstance.py:2163} INFO - Starting attempt 3 of 4
[2026-04-27T15:20:00.419+0000] {taskinstance.py:2184} INFO - Executing <Task(PythonOperator): medium_priority> on 2026-04-27 15:14:12.538574+00:00
[2026-04-27T15:20:00.421+0000] {standard_task_runner.py:60} INFO - Started process 9613 to run task
[2026-04-27T15:20:00.425+0000] {standard_task_runner.py:87} INFO - Running: ['airflow', 'tasks', 'run', 'exp_priority_retry', 'medium_priority', 'manual__2026-04-27T15:14:12.538574+00:00', '--job-id', '63', '--raw', '--subdir', 'DAGS_FOLDER/exp_priority_retry.py', '--cfg-path', '/tmp/tmpu6i7i9wh']
[2026-04-27T15:20:00.427+0000] {standard_task_runner.py:88} INFO - Job 63: Subtask medium_priority
[2026-04-27T15:20:00.455+0000] {task_command.py:423} INFO - Running <TaskInstance: exp_priority_retry.medium_priority manual__2026-04-27T15:14:12.538574+00:00 [running]> on host Deep.localdomain
[2026-04-27T15:20:00.495+0000] {taskinstance.py:2473} INFO - Exporting env vars: AIRFLOW_CTX_DAG_OWNER='deep' AIRFLOW_CTX_DAG_ID='exp_priority_retry' AIRFLOW_CTX_TASK_ID='medium_priority' AIRFLOW_CTX_EXECUTION_DATE='2026-04-27T15:14:12.538574+00:00' AIRFLOW_CTX_TRY_NUMBER='3' AIRFLOW_CTX_DAG_RUN_ID='manual__2026-04-27T15:14:12.538574+00:00'
[2026-04-27T15:20:00.495+0000] {logging_mixin.py:188} INFO - Running MEDIUM
[2026-04-27T15:20:00.496+0000] {logging_mixin.py:188} INFO - [DEBUG] Retry attempt: 3 for task medium_priority
[2026-04-27T15:20:00.496+0000] {taskinstance.py:2691} ERROR - Task failed with exception
Traceback (most recent call last):
  File "/home/dell/Airflow-Execution-Retries/venv/lib/python3.10/site-packages/airflow/models/taskinstance.py", line 433, in _execute_task
    result = execute_callable(context=context, **execute_callable_kwargs)
  File "/home/dell/Airflow-Execution-Retries/venv/lib/python3.10/site-packages/airflow/operators/python.py", line 199, in execute
    return_value = self.execute_callable()
  File "/home/dell/Airflow-Execution-Retries/venv/lib/python3.10/site-packages/airflow/operators/python.py", line 216, in execute_callable
    return self.python_callable(*self.op_args, **self.op_kwargs)
  File "/home/dell/Airflow-Execution-Retries/airflow_home/dags/exp_priority_retry.py", line 33, in <lambda>
    python_callable=lambda: fail_task("MEDIUM"),
  File "/home/dell/Airflow-Execution-Retries/airflow_home/dags/exp_priority_retry.py", line 8, in fail_task
    raise Exception("Failure")
Exception: Failure
[2026-04-27T15:20:00.498+0000] {logging_mixin.py:188} INFO - [DEBUG] Retry attempt: 3 for task medium_priority
[2026-04-27T15:20:00.498+0000] {taskinstance.py:1139} INFO - Marking task as UP_FOR_RETRY. dag_id=exp_priority_retry, task_id=medium_priority, execution_date=20260427T151412, start_date=20260427T152000, end_date=20260427T152000
[2026-04-27T15:20:00.509+0000] {standard_task_runner.py:107} ERROR - Failed to execute job 63 for task medium_priority (Failure; 9613)
[2026-04-27T15:20:00.518+0000] {local_task_job_runner.py:234} INFO - Task exited with return code 1
[2026-04-27T15:20:00.525+0000] {taskinstance.py:3274} INFO - 0 downstream tasks scheduled from follow-on schedule check
