[2026-04-27T05:58:43.670+0000] {taskinstance.py:1957} INFO - Dependencies all met for dep_context=non-requeueable deps ti=<TaskInstance: exp1_default_retry.fail_task manual__2026-04-27T05:58:41.212802+00:00 [queued]>
[2026-04-27T05:58:43.676+0000] {taskinstance.py:1957} INFO - Dependencies all met for dep_context=requeueable deps ti=<TaskInstance: exp1_default_retry.fail_task manual__2026-04-27T05:58:41.212802+00:00 [queued]>
[2026-04-27T05:58:43.676+0000] {taskinstance.py:2186} INFO - Starting attempt 1 of 4
[2026-04-27T05:58:43.686+0000] {taskinstance.py:2207} INFO - Executing <Task(PythonOperator): fail_task> on 2026-04-27 05:58:41.212802+00:00
[2026-04-27T05:58:43.689+0000] {standard_task_runner.py:60} INFO - Started process 67399 to run task
[2026-04-27T05:58:43.694+0000] {standard_task_runner.py:87} INFO - Running: ['airflow', 'tasks', 'run', 'exp1_default_retry', 'fail_task', 'manual__2026-04-27T05:58:41.212802+00:00', '--job-id', '8', '--raw', '--subdir', 'DAGS_FOLDER/exp1_default.py', '--cfg-path', '/tmp/tmp2cd2o386']
[2026-04-27T05:58:43.694+0000] {standard_task_runner.py:88} INFO - Job 8: Subtask fail_task
[2026-04-27T05:58:43.729+0000] {task_command.py:423} INFO - Running <TaskInstance: exp1_default_retry.fail_task manual__2026-04-27T05:58:41.212802+00:00 [running]> on host Deep.localdomain
[2026-04-27T05:58:43.777+0000] {taskinstance.py:2496} INFO - Exporting env vars: AIRFLOW_CTX_DAG_OWNER='deep' AIRFLOW_CTX_DAG_ID='exp1_default_retry' AIRFLOW_CTX_TASK_ID='fail_task' AIRFLOW_CTX_EXECUTION_DATE='2026-04-27T05:58:41.212802+00:00' AIRFLOW_CTX_TRY_NUMBER='1' AIRFLOW_CTX_DAG_RUN_ID='manual__2026-04-27T05:58:41.212802+00:00'
[2026-04-27T05:58:43.778+0000] {logging_mixin.py:188} INFO - Failing...
[2026-04-27T05:58:43.778+0000] {logging_mixin.py:188} INFO - [DEBUG] Retry attempt: 1 for task fail_task
[2026-04-27T05:58:43.779+0000] {taskinstance.py:2714} ERROR - Task failed with exception
Traceback (most recent call last):
  File "/home/dell/Airflow-Execution-Retries/venv/lib/python3.10/site-packages/airflow/models/taskinstance.py", line 433, in _execute_task
    result = execute_callable(context=context, **execute_callable_kwargs)
  File "/home/dell/Airflow-Execution-Retries/venv/lib/python3.10/site-packages/airflow/operators/python.py", line 199, in execute
    return_value = self.execute_callable()
  File "/home/dell/Airflow-Execution-Retries/venv/lib/python3.10/site-packages/airflow/operators/python.py", line 216, in execute_callable
    return self.python_callable(*self.op_args, **self.op_kwargs)
  File "/home/dell/Airflow-Execution-Retries/airflow_home/dags/exp1_default.py", line 7, in fail_task
    raise Exception("Failure")
Exception: Failure
[2026-04-27T05:58:43.780+0000] {logging_mixin.py:188} INFO - [DEBUG] Retry attempt: 1 for task fail_task
[2026-04-27T05:58:43.781+0000] {taskinstance.py:1139} INFO - Marking task as UP_FOR_RETRY. dag_id=exp1_default_retry, task_id=fail_task, execution_date=20260427T055841, start_date=20260427T055843, end_date=20260427T055843
[2026-04-27T05:58:43.790+0000] {standard_task_runner.py:107} ERROR - Failed to execute job 8 for task fail_task (Failure; 67399)
[2026-04-27T05:58:43.825+0000] {local_task_job_runner.py:234} INFO - Task exited with return code 1
[2026-04-27T05:58:43.846+0000] {taskinstance.py:3297} INFO - 0 downstream tasks scheduled from follow-on schedule check
