[2026-04-27T15:19:27.957+0000] {taskinstance.py:1957} INFO - Dependencies all met for dep_context=non-requeueable deps ti=<TaskInstance: exp_priority_retry.medium_priority manual__2026-04-27T15:12:26.753903+00:00 [queued]>
[2026-04-27T15:19:27.962+0000] {taskinstance.py:1957} INFO - Dependencies all met for dep_context=requeueable deps ti=<TaskInstance: exp_priority_retry.medium_priority manual__2026-04-27T15:12:26.753903+00:00 [queued]>
[2026-04-27T15:19:27.962+0000] {taskinstance.py:2163} INFO - Starting attempt 2 of 4
[2026-04-27T15:19:27.973+0000] {taskinstance.py:2184} INFO - Executing <Task(PythonOperator): medium_priority> on 2026-04-27 15:12:26.753903+00:00
[2026-04-27T15:19:27.976+0000] {standard_task_runner.py:60} INFO - Started process 9574 to run task
[2026-04-27T15:19:27.980+0000] {standard_task_runner.py:87} INFO - Running: ['airflow', 'tasks', 'run', 'exp_priority_retry', 'medium_priority', 'manual__2026-04-27T15:12:26.753903+00:00', '--job-id', '46', '--raw', '--subdir', 'DAGS_FOLDER/exp_priority_retry.py', '--cfg-path', '/tmp/tmpmd0ap0hw']
[2026-04-27T15:19:27.981+0000] {standard_task_runner.py:88} INFO - Job 46: Subtask medium_priority
[2026-04-27T15:19:28.015+0000] {task_command.py:423} INFO - Running <TaskInstance: exp_priority_retry.medium_priority manual__2026-04-27T15:12:26.753903+00:00 [running]> on host Deep.localdomain
[2026-04-27T15:19:28.063+0000] {taskinstance.py:2473} INFO - Exporting env vars: AIRFLOW_CTX_DAG_OWNER='deep' AIRFLOW_CTX_DAG_ID='exp_priority_retry' AIRFLOW_CTX_TASK_ID='medium_priority' AIRFLOW_CTX_EXECUTION_DATE='2026-04-27T15:12:26.753903+00:00' AIRFLOW_CTX_TRY_NUMBER='2' AIRFLOW_CTX_DAG_RUN_ID='manual__2026-04-27T15:12:26.753903+00:00'
[2026-04-27T15:19:28.064+0000] {logging_mixin.py:188} INFO - Running MEDIUM
[2026-04-27T15:19:28.064+0000] {logging_mixin.py:188} INFO - [DEBUG] Retry attempt: 2 for task medium_priority
[2026-04-27T15:19:28.065+0000] {taskinstance.py:2691} ERROR - Task failed with exception
Traceback (most recent call last):
  File "/home/dell/Airflow-Execution-Retries/venv/lib/python3.10/site-packages/airflow/models/taskinstance.py", line 433, in _execute_task
    result = execute_callable(context=context, **execute_callable_kwargs)
  File "/home/dell/Airflow-Execution-Retries/venv/lib/python3.10/site-packages/airflow/operators/python.py", line 199, in execute
    return_value = self.execute_callable()
  File "/home/dell/Airflow-Execution-Retries/venv/lib/python3.10/site-packages/airflow/operators/python.py", line 216, in execute_callable
    return self.python_callable(*self.op_args, **self.op_kwargs)
  File "/home/dell/Airflow-Execution-Retries/airflow_home/dags/exp_priority_retry.py", line 33, in <lambda>
    python_callable=lambda: fail_task("MEDIUM"),
  File "/home/dell/Airflow-Execution-Retries/airflow_home/dags/exp_priority_retry.py", line 8, in fail_task
    raise Exception("Failure")
Exception: Failure
[2026-04-27T15:19:28.068+0000] {logging_mixin.py:188} INFO - [DEBUG] Retry attempt: 2 for task medium_priority
[2026-04-27T15:19:28.069+0000] {taskinstance.py:1139} INFO - Marking task as UP_FOR_RETRY. dag_id=exp_priority_retry, task_id=medium_priority, execution_date=20260427T151226, start_date=20260427T151927, end_date=20260427T151928
[2026-04-27T15:19:28.078+0000] {standard_task_runner.py:107} ERROR - Failed to execute job 46 for task medium_priority (Failure; 9574)
[2026-04-27T15:19:28.111+0000] {local_task_job_runner.py:234} INFO - Task exited with return code 1
[2026-04-27T15:19:28.131+0000] {taskinstance.py:3274} INFO - 0 downstream tasks scheduled from follow-on schedule check
