[2026-04-27T15:18:10.934+0000] {logging_mixin.py:188} INFO - [PRIORITY RETRY] Task=high_priority | Priority=10 (HIGH) | Delay=5.0s
[2026-04-27T15:18:10.935+0000] {logging_mixin.py:188} INFO - [PRIORITY RETRY] Task=high_priority | Priority=10 (HIGH) | Delay=5.0s
[2026-04-27T15:18:10.935+0000] {taskinstance.py:1947} INFO - Dependencies not met for <TaskInstance: exp_priority_retry.high_priority manual__2026-04-27T15:11:31.290400+00:00 [up_for_retry]>, dependency 'Not In Retry Period' FAILED: Task is not ready for retry yet but will be retried automatically. Current date is 2026-04-27T15:18:10.934784+00:00 and task will be retried at 2026-04-27T15:18:12.878807+00:00.
[2026-04-27T15:18:10.938+0000] {local_task_job_runner.py:160} INFO - Task is not able to be run
[2026-04-27T15:18:41.433+0000] {taskinstance.py:1957} INFO - Dependencies all met for dep_context=non-requeueable deps ti=<TaskInstance: exp_priority_retry.high_priority manual__2026-04-27T15:11:31.290400+00:00 [queued]>
[2026-04-27T15:18:41.438+0000] {taskinstance.py:1957} INFO - Dependencies all met for dep_context=requeueable deps ti=<TaskInstance: exp_priority_retry.high_priority manual__2026-04-27T15:11:31.290400+00:00 [queued]>
[2026-04-27T15:18:41.438+0000] {taskinstance.py:2163} INFO - Starting attempt 2 of 4
[2026-04-27T15:18:41.449+0000] {taskinstance.py:2184} INFO - Executing <Task(PythonOperator): high_priority> on 2026-04-27 15:11:31.290400+00:00
[2026-04-27T15:18:41.453+0000] {standard_task_runner.py:60} INFO - Started process 9508 to run task
[2026-04-27T15:18:41.458+0000] {standard_task_runner.py:87} INFO - Running: ['airflow', 'tasks', 'run', 'exp_priority_retry', 'high_priority', 'manual__2026-04-27T15:11:31.290400+00:00', '--job-id', '24', '--raw', '--subdir', 'DAGS_FOLDER/exp_priority_retry.py', '--cfg-path', '/tmp/tmp_cp81_5g']
[2026-04-27T15:18:41.460+0000] {standard_task_runner.py:88} INFO - Job 24: Subtask high_priority
[2026-04-27T15:18:41.495+0000] {task_command.py:423} INFO - Running <TaskInstance: exp_priority_retry.high_priority manual__2026-04-27T15:11:31.290400+00:00 [running]> on host Deep.localdomain
[2026-04-27T15:18:41.539+0000] {taskinstance.py:2473} INFO - Exporting env vars: AIRFLOW_CTX_DAG_OWNER='deep' AIRFLOW_CTX_DAG_ID='exp_priority_retry' AIRFLOW_CTX_TASK_ID='high_priority' AIRFLOW_CTX_EXECUTION_DATE='2026-04-27T15:11:31.290400+00:00' AIRFLOW_CTX_TRY_NUMBER='2' AIRFLOW_CTX_DAG_RUN_ID='manual__2026-04-27T15:11:31.290400+00:00'
[2026-04-27T15:18:41.540+0000] {logging_mixin.py:188} INFO - Running HIGH
[2026-04-27T15:18:41.540+0000] {logging_mixin.py:188} INFO - [DEBUG] Retry attempt: 2 for task high_priority
[2026-04-27T15:18:41.540+0000] {taskinstance.py:2691} ERROR - Task failed with exception
Traceback (most recent call last):
  File "/home/dell/Airflow-Execution-Retries/venv/lib/python3.10/site-packages/airflow/models/taskinstance.py", line 433, in _execute_task
    result = execute_callable(context=context, **execute_callable_kwargs)
  File "/home/dell/Airflow-Execution-Retries/venv/lib/python3.10/site-packages/airflow/operators/python.py", line 199, in execute
    return_value = self.execute_callable()
  File "/home/dell/Airflow-Execution-Retries/venv/lib/python3.10/site-packages/airflow/operators/python.py", line 216, in execute_callable
    return self.python_callable(*self.op_args, **self.op_kwargs)
  File "/home/dell/Airflow-Execution-Retries/airflow_home/dags/exp_priority_retry.py", line 27, in <lambda>
    python_callable=lambda: fail_task("HIGH"),
  File "/home/dell/Airflow-Execution-Retries/airflow_home/dags/exp_priority_retry.py", line 8, in fail_task
    raise Exception("Failure")
Exception: Failure
[2026-04-27T15:18:41.542+0000] {logging_mixin.py:188} INFO - [DEBUG] Retry attempt: 2 for task high_priority
[2026-04-27T15:18:41.542+0000] {taskinstance.py:1139} INFO - Marking task as UP_FOR_RETRY. dag_id=exp_priority_retry, task_id=high_priority, execution_date=20260427T151131, start_date=20260427T151841, end_date=20260427T151841
[2026-04-27T15:18:41.552+0000] {standard_task_runner.py:107} ERROR - Failed to execute job 24 for task high_priority (Failure; 9508)
[2026-04-27T15:18:41.594+0000] {local_task_job_runner.py:234} INFO - Task exited with return code 1
[2026-04-27T15:18:41.612+0000] {taskinstance.py:3274} INFO - 0 downstream tasks scheduled from follow-on schedule check
