[2026-04-27T18:08:33.777+0000] {taskinstance.py:1957} INFO - Dependencies all met for dep_context=non-requeueable deps ti=<TaskInstance: exp_priority_retry.medium_priority manual__2026-04-27T18:07:52.911967+00:00 [queued]>
[2026-04-27T18:08:33.781+0000] {taskinstance.py:1957} INFO - Dependencies all met for dep_context=requeueable deps ti=<TaskInstance: exp_priority_retry.medium_priority manual__2026-04-27T18:07:52.911967+00:00 [queued]>
[2026-04-27T18:08:33.781+0000] {taskinstance.py:2163} INFO - Starting attempt 4 of 4
[2026-04-27T18:08:33.792+0000] {taskinstance.py:2184} INFO - Executing <Task(PythonOperator): medium_priority> on 2026-04-27 18:07:52.911967+00:00
[2026-04-27T18:08:33.794+0000] {standard_task_runner.py:60} INFO - Started process 210608 to run task
[2026-04-27T18:08:33.798+0000] {standard_task_runner.py:87} INFO - Running: ['airflow', 'tasks', 'run', 'exp_priority_retry', 'medium_priority', 'manual__2026-04-27T18:07:52.911967+00:00', '--job-id', '136', '--raw', '--subdir', 'DAGS_FOLDER/exp_priority_retry.py', '--cfg-path', '/tmp/tmpvsq2td6h']
[2026-04-27T18:08:33.799+0000] {standard_task_runner.py:88} INFO - Job 136: Subtask medium_priority
[2026-04-27T18:08:33.836+0000] {task_command.py:423} INFO - Running <TaskInstance: exp_priority_retry.medium_priority manual__2026-04-27T18:07:52.911967+00:00 [running]> on host Deep.localdomain
[2026-04-27T18:08:33.874+0000] {taskinstance.py:2473} INFO - Exporting env vars: AIRFLOW_CTX_DAG_OWNER='deep' AIRFLOW_CTX_DAG_ID='exp_priority_retry' AIRFLOW_CTX_TASK_ID='medium_priority' AIRFLOW_CTX_EXECUTION_DATE='2026-04-27T18:07:52.911967+00:00' AIRFLOW_CTX_TRY_NUMBER='4' AIRFLOW_CTX_DAG_RUN_ID='manual__2026-04-27T18:07:52.911967+00:00'
[2026-04-27T18:08:33.875+0000] {logging_mixin.py:188} INFO - Running MEDIUM
[2026-04-27T18:08:33.875+0000] {logging_mixin.py:188} INFO - [DEBUG] Retry attempt: 4 for task medium_priority
[2026-04-27T18:08:33.875+0000] {taskinstance.py:2691} ERROR - Task failed with exception
Traceback (most recent call last):
  File "/home/dell/Airflow-Execution-Retries/venv/lib/python3.10/site-packages/airflow/models/taskinstance.py", line 433, in _execute_task
    result = execute_callable(context=context, **execute_callable_kwargs)
  File "/home/dell/Airflow-Execution-Retries/venv/lib/python3.10/site-packages/airflow/operators/python.py", line 199, in execute
    return_value = self.execute_callable()
  File "/home/dell/Airflow-Execution-Retries/venv/lib/python3.10/site-packages/airflow/operators/python.py", line 216, in execute_callable
    return self.python_callable(*self.op_args, **self.op_kwargs)
  File "/home/dell/Airflow-Execution-Retries/airflow_home/dags/exp_priority_retry.py", line 33, in <lambda>
    python_callable=lambda: fail_task("MEDIUM"),
  File "/home/dell/Airflow-Execution-Retries/airflow_home/dags/exp_priority_retry.py", line 8, in fail_task
    raise Exception("Failure")
Exception: Failure
[2026-04-27T18:08:33.877+0000] {logging_mixin.py:188} INFO - [DEBUG] Retry attempt: 4 for task medium_priority
[2026-04-27T18:08:33.877+0000] {taskinstance.py:1139} INFO - Marking task as FAILED. dag_id=exp_priority_retry, task_id=medium_priority, execution_date=20260427T180752, start_date=20260427T180833, end_date=20260427T180833
[2026-04-27T18:08:33.886+0000] {standard_task_runner.py:107} ERROR - Failed to execute job 136 for task medium_priority (Failure; 210608)
[2026-04-27T18:08:33.890+0000] {local_task_job_runner.py:234} INFO - Task exited with return code 1
[2026-04-27T18:08:33.896+0000] {taskinstance.py:3298} INFO - 0 downstream tasks scheduled from follow-on schedule check
