[2026-04-27T15:20:50.212+0000] {taskinstance.py:1957} INFO - Dependencies all met for dep_context=non-requeueable deps ti=<TaskInstance: exp_priority_retry.low_priority manual__2026-04-27T15:17:09.148317+00:00 [queued]>
[2026-04-27T15:20:50.217+0000] {taskinstance.py:1957} INFO - Dependencies all met for dep_context=requeueable deps ti=<TaskInstance: exp_priority_retry.low_priority manual__2026-04-27T15:17:09.148317+00:00 [queued]>
[2026-04-27T15:20:50.217+0000] {taskinstance.py:2163} INFO - Starting attempt 4 of 4
[2026-04-27T15:20:50.244+0000] {taskinstance.py:2184} INFO - Executing <Task(PythonOperator): low_priority> on 2026-04-27 15:17:09.148317+00:00
[2026-04-27T15:20:50.248+0000] {standard_task_runner.py:60} INFO - Started process 9652 to run task
[2026-04-27T15:20:50.257+0000] {standard_task_runner.py:87} INFO - Running: ['airflow', 'tasks', 'run', 'exp_priority_retry', 'low_priority', 'manual__2026-04-27T15:17:09.148317+00:00', '--job-id', '79', '--raw', '--subdir', 'DAGS_FOLDER/exp_priority_retry.py', '--cfg-path', '/tmp/tmp7vw76f9g']
[2026-04-27T15:20:50.261+0000] {standard_task_runner.py:88} INFO - Job 79: Subtask low_priority
[2026-04-27T15:20:50.348+0000] {task_command.py:423} INFO - Running <TaskInstance: exp_priority_retry.low_priority manual__2026-04-27T15:17:09.148317+00:00 [running]> on host Deep.localdomain
[2026-04-27T15:20:50.421+0000] {taskinstance.py:2473} INFO - Exporting env vars: AIRFLOW_CTX_DAG_OWNER='deep' AIRFLOW_CTX_DAG_ID='exp_priority_retry' AIRFLOW_CTX_TASK_ID='low_priority' AIRFLOW_CTX_EXECUTION_DATE='2026-04-27T15:17:09.148317+00:00' AIRFLOW_CTX_TRY_NUMBER='4' AIRFLOW_CTX_DAG_RUN_ID='manual__2026-04-27T15:17:09.148317+00:00'
[2026-04-27T15:20:50.422+0000] {logging_mixin.py:188} INFO - Running LOW
[2026-04-27T15:20:50.422+0000] {logging_mixin.py:188} INFO - [DEBUG] Retry attempt: 4 for task low_priority
[2026-04-27T15:20:50.423+0000] {taskinstance.py:2691} ERROR - Task failed with exception
Traceback (most recent call last):
  File "/home/dell/Airflow-Execution-Retries/venv/lib/python3.10/site-packages/airflow/models/taskinstance.py", line 433, in _execute_task
    result = execute_callable(context=context, **execute_callable_kwargs)
  File "/home/dell/Airflow-Execution-Retries/venv/lib/python3.10/site-packages/airflow/operators/python.py", line 199, in execute
    return_value = self.execute_callable()
  File "/home/dell/Airflow-Execution-Retries/venv/lib/python3.10/site-packages/airflow/operators/python.py", line 216, in execute_callable
    return self.python_callable(*self.op_args, **self.op_kwargs)
  File "/home/dell/Airflow-Execution-Retries/airflow_home/dags/exp_priority_retry.py", line 39, in <lambda>
    python_callable=lambda: fail_task("LOW"),
  File "/home/dell/Airflow-Execution-Retries/airflow_home/dags/exp_priority_retry.py", line 8, in fail_task
    raise Exception("Failure")
Exception: Failure
[2026-04-27T15:20:50.426+0000] {logging_mixin.py:188} INFO - [DEBUG] Retry attempt: 4 for task low_priority
[2026-04-27T15:20:50.426+0000] {taskinstance.py:1139} INFO - Marking task as FAILED. dag_id=exp_priority_retry, task_id=low_priority, execution_date=20260427T151709, start_date=20260427T152050, end_date=20260427T152050
[2026-04-27T15:20:50.448+0000] {standard_task_runner.py:107} ERROR - Failed to execute job 79 for task low_priority (Failure; 9652)
[2026-04-27T15:20:50.469+0000] {local_task_job_runner.py:234} INFO - Task exited with return code 1
[2026-04-27T15:20:50.486+0000] {taskinstance.py:3274} INFO - 0 downstream tasks scheduled from follow-on schedule check
