[2026-04-27T08:53:37.252+0000] {taskinstance.py:1957} INFO - Dependencies all met for dep_context=non-requeueable deps ti=<TaskInstance: exp1_default_retry.fail_task manual__2026-04-27T08:53:33.696756+00:00 [queued]>
[2026-04-27T08:53:37.257+0000] {taskinstance.py:1957} INFO - Dependencies all met for dep_context=requeueable deps ti=<TaskInstance: exp1_default_retry.fail_task manual__2026-04-27T08:53:33.696756+00:00 [queued]>
[2026-04-27T08:53:37.258+0000] {taskinstance.py:2186} INFO - Starting attempt 1 of 4
[2026-04-27T08:53:37.272+0000] {taskinstance.py:2207} INFO - Executing <Task(PythonOperator): fail_task> on 2026-04-27 08:53:33.696756+00:00
[2026-04-27T08:53:37.276+0000] {standard_task_runner.py:60} INFO - Started process 69942 to run task
[2026-04-27T08:53:37.286+0000] {standard_task_runner.py:87} INFO - Running: ['airflow', 'tasks', 'run', 'exp1_default_retry', 'fail_task', 'manual__2026-04-27T08:53:33.696756+00:00', '--job-id', '9', '--raw', '--subdir', 'DAGS_FOLDER/exp1_default.py', '--cfg-path', '/tmp/tmph5oby0w3']
[2026-04-27T08:53:37.287+0000] {standard_task_runner.py:88} INFO - Job 9: Subtask fail_task
[2026-04-27T08:53:37.341+0000] {task_command.py:423} INFO - Running <TaskInstance: exp1_default_retry.fail_task manual__2026-04-27T08:53:33.696756+00:00 [running]> on host Deep.localdomain
[2026-04-27T08:53:37.403+0000] {taskinstance.py:2496} INFO - Exporting env vars: AIRFLOW_CTX_DAG_OWNER='deep' AIRFLOW_CTX_DAG_ID='exp1_default_retry' AIRFLOW_CTX_TASK_ID='fail_task' AIRFLOW_CTX_EXECUTION_DATE='2026-04-27T08:53:33.696756+00:00' AIRFLOW_CTX_TRY_NUMBER='1' AIRFLOW_CTX_DAG_RUN_ID='manual__2026-04-27T08:53:33.696756+00:00'
[2026-04-27T08:53:37.405+0000] {logging_mixin.py:188} INFO - Failing...
[2026-04-27T08:53:37.405+0000] {logging_mixin.py:188} INFO - [DEBUG] Retry attempt: 1 for task fail_task
[2026-04-27T08:53:37.405+0000] {taskinstance.py:2714} ERROR - Task failed with exception
Traceback (most recent call last):
  File "/home/dell/Airflow-Execution-Retries/venv/lib/python3.10/site-packages/airflow/models/taskinstance.py", line 433, in _execute_task
    result = execute_callable(context=context, **execute_callable_kwargs)
  File "/home/dell/Airflow-Execution-Retries/venv/lib/python3.10/site-packages/airflow/operators/python.py", line 199, in execute
    return_value = self.execute_callable()
  File "/home/dell/Airflow-Execution-Retries/venv/lib/python3.10/site-packages/airflow/operators/python.py", line 216, in execute_callable
    return self.python_callable(*self.op_args, **self.op_kwargs)
  File "/home/dell/Airflow-Execution-Retries/airflow_home/dags/exp1_default.py", line 7, in fail_task
    raise Exception("Failure")
Exception: Failure
[2026-04-27T08:53:37.407+0000] {logging_mixin.py:188} INFO - [DEBUG] Retry attempt: 1 for task fail_task
[2026-04-27T08:53:37.408+0000] {taskinstance.py:1139} INFO - Marking task as UP_FOR_RETRY. dag_id=exp1_default_retry, task_id=fail_task, execution_date=20260427T085333, start_date=20260427T085337, end_date=20260427T085337
[2026-04-27T08:53:37.419+0000] {standard_task_runner.py:107} ERROR - Failed to execute job 9 for task fail_task (Failure; 69942)
[2026-04-27T08:53:37.458+0000] {local_task_job_runner.py:234} INFO - Task exited with return code 1
[2026-04-27T08:53:37.476+0000] {taskinstance.py:3297} INFO - 0 downstream tasks scheduled from follow-on schedule check
