[2026-04-27T18:21:12.955+0000] {taskinstance.py:1957} INFO - Dependencies all met for dep_context=non-requeueable deps ti=<TaskInstance: exp_priority_retry.low_priority manual__2026-04-27T18:20:44.530729+00:00 [queued]>
[2026-04-27T18:21:12.960+0000] {taskinstance.py:1957} INFO - Dependencies all met for dep_context=requeueable deps ti=<TaskInstance: exp_priority_retry.low_priority manual__2026-04-27T18:20:44.530729+00:00 [queued]>
[2026-04-27T18:21:12.960+0000] {taskinstance.py:2163} INFO - Starting attempt 2 of 4
[2026-04-27T18:21:12.973+0000] {taskinstance.py:2184} INFO - Executing <Task(PythonOperator): low_priority> on 2026-04-27 18:20:44.530729+00:00
[2026-04-27T18:21:12.975+0000] {standard_task_runner.py:60} INFO - Started process 310059 to run task
[2026-04-27T18:21:12.979+0000] {standard_task_runner.py:87} INFO - Running: ['airflow', 'tasks', 'run', 'exp_priority_retry', 'low_priority', 'manual__2026-04-27T18:20:44.530729+00:00', '--job-id', '136', '--raw', '--subdir', 'DAGS_FOLDER/exp_priority_retry.py', '--cfg-path', '/tmp/tmp_6z3_mg6']
[2026-04-27T18:21:12.980+0000] {standard_task_runner.py:88} INFO - Job 136: Subtask low_priority
[2026-04-27T18:21:13.010+0000] {task_command.py:423} INFO - Running <TaskInstance: exp_priority_retry.low_priority manual__2026-04-27T18:20:44.530729+00:00 [running]> on host Deep.localdomain
[2026-04-27T18:21:13.055+0000] {taskinstance.py:2473} INFO - Exporting env vars: AIRFLOW_CTX_DAG_OWNER='deep' AIRFLOW_CTX_DAG_ID='exp_priority_retry' AIRFLOW_CTX_TASK_ID='low_priority' AIRFLOW_CTX_EXECUTION_DATE='2026-04-27T18:20:44.530729+00:00' AIRFLOW_CTX_TRY_NUMBER='2' AIRFLOW_CTX_DAG_RUN_ID='manual__2026-04-27T18:20:44.530729+00:00'
[2026-04-27T18:21:13.055+0000] {logging_mixin.py:188} INFO - Running LOW
[2026-04-27T18:21:13.056+0000] {logging_mixin.py:188} INFO - [DEBUG] Retry attempt: 2 for task low_priority
[2026-04-27T18:21:13.056+0000] {taskinstance.py:2783} ERROR - Task failed with exception
Traceback (most recent call last):
  File "/home/dell/Airflow-Execution-Retries/venv/lib/python3.10/site-packages/airflow/models/taskinstance.py", line 433, in _execute_task
    result = execute_callable(context=context, **execute_callable_kwargs)
  File "/home/dell/Airflow-Execution-Retries/venv/lib/python3.10/site-packages/airflow/operators/python.py", line 199, in execute
    return_value = self.execute_callable()
  File "/home/dell/Airflow-Execution-Retries/venv/lib/python3.10/site-packages/airflow/operators/python.py", line 216, in execute_callable
    return self.python_callable(*self.op_args, **self.op_kwargs)
  File "/home/dell/Airflow-Execution-Retries/airflow_home/dags/exp_priority_retry.py", line 39, in <lambda>
    python_callable=lambda: fail_task("LOW"),
  File "/home/dell/Airflow-Execution-Retries/airflow_home/dags/exp_priority_retry.py", line 8, in fail_task
    raise Exception("Failure")
Exception: Failure
[2026-04-27T18:21:13.058+0000] {logging_mixin.py:188} INFO - [DEBUG] Retry attempt: 2 for task low_priority
[2026-04-27T18:21:13.059+0000] {taskinstance.py:2860} INFO - [PRIORITY RETRY ACTIVE] Task=low_priority | Priority=1 (LOW) | Delay=20.0s
[2026-04-27T18:21:13.059+0000] {taskinstance.py:1139} INFO - Marking task as UP_FOR_RETRY. dag_id=exp_priority_retry, task_id=low_priority, execution_date=20260427T182044, start_date=20260427T182112, end_date=20260427T182113
[2026-04-27T18:21:13.070+0000] {standard_task_runner.py:107} ERROR - Failed to execute job 136 for task low_priority (Failure; 310059)
[2026-04-27T18:21:13.110+0000] {local_task_job_runner.py:234} INFO - Task exited with return code 1
[2026-04-27T18:21:13.120+0000] {taskinstance.py:3390} INFO - 0 downstream tasks scheduled from follow-on schedule check
